VARIANTS	CG001Qv40Run5	0excluded variants
VARIANTS	CG001Qv40Run6	0excluded variants
VARIANTS	CG001Qv40Run7	0excluded variants
VARIANTS	CG001Qv40Run8	0excluded variants
VARIANTS	CG001Qv40Run9	0excluded variants
VARIANTS	CG001Qv40Run10	0excluded variants
VARIANTS	CG001Qv40Run11	0excluded variants
VARIANTS	CG001Qv40Run12	0excluded variants
VARIANTS	CG001Qv40Run13	0excluded variants
VARIANTS	CG001Qv40Run14	0excluded variants
VARIANTS	CG001Qv40Run15	0excluded variants
VARIANTS	CG001Qv40Run16	0excluded variants
VARIANTS	CG001Qv40Run17	0excluded variants
VARIANTS	CG001Qv40Run18	0excluded variants
VARIANTS	CG001Qv40Run19	0excluded variants
VARIANTS	CG001Qv40Run20	0excluded variants
VARIANTS	CG001Qv40Run21	0excluded variants
VARIANTS	CG001Qv40Run22	0excluded variants
VARIANTS	CG001Qv40Run23	0excluded variants
VARIANTS	CG001Qv40Run24	0excluded variants
VARIANTS	CG001Qv40Run26	0excluded variants
VARIANTS	CG001Qv40Run27	0excluded variants
VARIANTS	CG001Qv40Run25(CG001Qv40Run25 rerun)	0excluded variants
VARIANTS	CG001Qv40Run28	0excluded variants
VARIANTS	CG001Qv40Run29	0excluded variants
VARIANTS	CG001Qv40Run30	0excluded variants
VARIANTS	CG001Qv40Run31	0excluded variants
VARIANTS	CG001Qv40Run32	0excluded variants
VARIANTS	CG001Qv40Run33	0excluded variants
VARIANTS	CG001Qv40Run35	0excluded variants
VARIANTS	CG001Qv40Run37	0excluded variants
VARIANTS	CG001Qv40Run38	0excluded variants
VARIANTS	CG001Qv40Run39	0excluded variants
VARIANTS	CG001Qv40Run40	0excluded variants
VARIANTS	CG001Qv40Run42	0excluded variants
VARIANTS	CG001Qv40Run43	0excluded variants
VARIANTS	CG001Qv40Run44	0excluded variants
VARIANTS	CG001Qv40Run45	0excluded variants
VARIANTS	CG001Qv40Run46	0excluded variants
VARIANTS	CG001Qv40Run47	0excluded variants
VARIANTS	CG001Qv40Run48	0excluded variants
VARIANTS	CG001Qv40Run49	0excluded variants
VARIANTS	CG001Qv40Run50	0excluded variants
VARIANTS	CG001Qv40Run51	0excluded variants
VARIANTS	CG001Qv40Run52	0excluded variants
VARIANTS	CG001Qv40Run53	0excluded variants
VARIANTS	CG001Qv40Run54	0excluded variants
VARIANTS	CG001Qv40Run55	0excluded variants
VARIANTS	CG001Qv40Run56	0excluded variants
VARIANTS	CG001Qv40Run57	0excluded variants
VARIANTS	CG001Qv40Run58	0excluded variants
VARIANTS	CG001Qv40Run60	0excluded variants
VARIANTS	CG001Qv40Run61	0excluded variants
VARIANTS	CG001Qv40Run65	0excluded variants
VARIANTS	CG001Qv40Run66	0excluded variants
VARIANTS	CG001Qv40Run67	0excluded variants
VARIANTS	CG001Qv40Run68	0excluded variants
VARIANTS	CG001Qv40Run69	0excluded variants
VARIANTS	CG001Qv40Run70	0excluded variants
VARIANTS	CG001Qv40Run71	0excluded variants
VARIANTS	CG001Qv40Run72	0excluded variants
VARIANTS	CG001Qv40Run73	0excluded variants
VARIANTS	CG001Qv40Run74	0excluded variants
VARIANTS	CG001Qv40Run75	0excluded variants
VARIANTS	CG001Qv40Run77	0excluded variants
VARIANTS	CG001Qv40Run79	0excluded variants
VARIANTS	CG001Qv40Run80(CG001Qv40Run80 rerun)	0excluded variants
VARIANTS	CG001Qv40Run81	0excluded variants
VARIANTS	CG001Qv40Run82	0excluded variants
VARIANTS	CG001Qv40Run83	0excluded variants
VARIANTS	CG001Qv40Run84	0excluded variants
VARIANTS	CG001Qv40Run85	0excluded variants
VARIANTS	CG001Qv40Run86	0excluded variants
VARIANTS	CG001Qv40Run87	0excluded variants
VARIANTS	CG001Qv40Run88	0excluded variants
VARIANTS	CG001Qv40Run89 (10-mers)	0excluded variants
VARIANTS	CG001Qv40Run90	0excluded variants
VARIANTS	CG001Qv40Run91	0excluded variants
VARIANTS	CG001Qv40Run92	0excluded variants
VARIANTS	CG001Qv40Run93	0excluded variants
VARIANTS	CG001Qv40Run94	0excluded variants
VARIANTS	CG001Qv40Run95	0excluded variants
VARIANTS	CG001Qv40Run96	0excluded variants
VARIANTS	CG001Qv40Run97	0excluded variants
VARIANTS	CG001Qv40Run98	0excluded variants
VARIANTS	CG001Qv40Run99	0excluded variants
VARIANTS	CG001Qv40Run100	0excluded variants
VARIANTS	CG001Qv40Run101	0excluded variants
VARIANTS	CG001Qv40Run102	0excluded variants
VARIANTS	CG001Qv40Run103	0excluded variants
VARIANTS	CG001Qv40Run104	0excluded variants
VARIANTS	CG001Qv40Run105	0excluded variants
VARIANTS	CG001Qv40Run107	0excluded variants
VARIANTS	CG001Qv40Run108	0excluded variants
VARIANTS	CG001Qv40Run109	0excluded variants
VARIANTS	CG001Qv40Run110	0excluded variants
VARIANTS	CG001Qv40Run111	0excluded variants
VARIANTS	CG001Qv40Run112-redo2	0excluded variants
VARIANTS	CG001Qv40Run113	0excluded variants
VARIANTS	CG001Qv40Run114	0excluded variants
VARIANTS	CG001Qv40Run115	0excluded variants
VARIANTS	CG001Qv40Run116	0excluded variants
VARIANTS	CG001Qv40Run117	0excluded variants
VARIANTS	CG001Qv40Run118	0excluded variants
VARIANTS	CG001Qv40Run119	0excluded variants
VARIANTS	CG001Qv40Run120	0excluded variants
VARIANTS	CG001Qv40Run121	0excluded variants
VARIANTS	CG001Qv40Run122	0excluded variants
VARIANTS	CG001Qv40Run123	0excluded variants
VARIANTS	CG001Qv40Run124	0excluded variants
VARIANTS	CG001Qv40Run125	0excluded variants
VARIANTS	CG001Qv40Run126	0excluded variants
VARIANTS	CG001Qv40Run127	0excluded variants
VARIANTS	CG001Qv40Run128	0excluded variants
VARIANTS	CG001Qv40Run129	1excluded variants
VARIANTS	CG001Qv40Run130	0excluded variants
VARIANTS	CG001Qv40Run131	0excluded variants
VARIANTS	CG001Qv40Run132	0excluded variants
VARIANTS	CG001Qv40Run134	0excluded variants
VARIANTS	CG001Qv40Run135	0excluded variants
VARIANTS	CG001Qv40Run136	0excluded variants
VARIANTS	CG001Qv40Run137	0excluded variants
VARIANTS	CG001Qv40Run138	0excluded variants
VARIANTS	CG001Qv40Run139	0excluded variants
VARIANTS	CG001Qv40Run140	0excluded variants
VARIANTS	CG001Qv40Run142	0excluded variants
VARIANTS	CG001Qv40Run143	0excluded variants
VARIANTS	CG001Qv40Run144	0excluded variants
VARIANTS	CG001Qv40Run146	0excluded variants
VARIANTS	CG001Qv40Run147	1excluded variants
VARIANTS	CG001Qv40Run149	0excluded variants
VARIANTS	CG001Qv40Run150	0excluded variants
VARIANTS	CG001Qv40Run151	0excluded variants
VARIANTS	CG001Qv40Run152	1excluded variants
VARIANTS	CG001Qv40Run153	1excluded variants
VARIANTS	CG001Qv40Run154	0excluded variants
VARIANTS	CG001Qv40Run155	0excluded variants
VARIANTS	CG001Qv40Run156	0excluded variants
VARIANTS	CG001Qv40Run157	0excluded variants
VARIANTS	CG001Qv40Run158	1excluded variants
VARIANTS	CG001Qv40Run159	0excluded variants
VARIANTS	CG001Qv40Run160	0excluded variants
VARIANTS	CG001Qv40Run161	0excluded variants
VARIANTS	CG001Qv40Run163	0excluded variants
VARIANTS	CG001Qv40Run164	0excluded variants
VARIANTS	CG001Qv40Run165	0excluded variants
VARIANTS	CG001Qv40Run166	0excluded variants
VARIANTS	CG001Qv40Run167	0excluded variants
VARIANTS	CG001Qv40Run168	0excluded variants
VARIANTS	CG001Qv40Run169	0excluded variants
VARIANTS	CG001Qv40Run170	0excluded variants
VARIANTS	CG001Qv40Run171	0excluded variants
VARIANTS	CG001Qv40Run174	0excluded variants
VARIANTS	CG001Qv40Run177	0excluded variants
VARIANTS	CG001Qv40Run178	0excluded variants
VARIANTS	CG001Qv40Run180	0excluded variants
VARIANTS	CG001Qv40Run181	0excluded variants
VARIANTS	CG001Qv40Run182	0excluded variants
VARIANTS	CG001Qv40Run183	0excluded variants
VARIANTS	CG001Qv40Run185	0excluded variants
VARIANTS	CG001Qv40Run187	0excluded variants
VARIANTS	CG001Qv40Run188	1excluded variants
VARIANTS	CG001Qv40Run189	0excluded variants
VARIANTS	CG001Qv40Run190	0excluded variants
VARIANTS	CG001Qv40Run191	0excluded variants
VARIANTS	CG001Qv40Run192	0excluded variants
VARIANTS	CG001Qv40Run194	0excluded variants
VARIANTS	CG001Qv40Run195	0excluded variants
VARIANTS	CG001Qv40Run197	0excluded variants
VARIANTS	CG001Qv40Run198	0excluded variants
VARIANTS	CG001Qv40Run199	0excluded variants
VARIANTS	CG001Qv40Run200	0excluded variants
VARIANTS	CG001Qv40Run201	0excluded variants
VARIANTS	CG001Qv40Run202	0excluded variants
VARIANTS	CG001Qv40Run203	0excluded variants
VARIANTS	CG001Qv40Run205	0excluded variants
VARIANTS	CG001Qv40Run206	0excluded variants
VARIANTS	CG001Qv40Run207	0excluded variants
VARIANTS	CG001Qv40Run208	0excluded variants
VARIANTS	CG001Qv40Run209	0excluded variants
VARIANTS	CG001Qv40Run210	0excluded variants
VARIANTS	CG001Qv40Run211	2excluded variants
VARIANTS	CG001Qv40Run212	0excluded variants
VARIANTS	CG001Qv40Run213	0excluded variants
VARIANTS	CG001Qv40Run214	0excluded variants
VARIANTS	CG001Qv40Run215	0excluded variants
VARIANTS	CG001Qv42Run216	0excluded variants
VARIANTS	CG001Qv42Run217	0excluded variants
VARIANTS	CG001Qv42Run218	0excluded variants
VARIANTS	CG001Qv42Run219	0excluded variants
VARIANTS	CG001Qv42Run220	0excluded variants
VARIANTS	CG001Qv42Run221	0excluded variants
VARIANTS	CG001Qv42Run222	0excluded variants
VARIANTS	CG001Qv42Run223	missing dump file
VARIANTS	CG001Qv42Run224	0excluded variants
VARIANTS	CG001Qv42Run225	0excluded variants
VARIANTS	CG001Qv42Run226	0excluded variants
VARIANTS	CG001Qv42Run227	0excluded variants
VARIANTS	CG001Qv42Run228	0excluded variants
VARIANTS	CG001Qv42Run230	0excluded variants
VARIANTS	CG001Qv42Run231	0excluded variants
VARIANTS	CG001Qv42Run232	0excluded variants
VARIANTS	CG001Qv42Run233	0excluded variants
VARIANTS	CG001Qv42Run234	0excluded variants
VARIANTS	CG001Qv42Run235	0excluded variants
VARIANTS	CG001Qv42Run236	0excluded variants
VARIANTS	CG001Qv42Run237	0excluded variants
VARIANTS	CG001Qv42Run238	0excluded variants
VARIANTS	CG001Qv42Run239	0excluded variants
VARIANTS	CG001Qv42Run240	0excluded variants
VARIANTS	CG001Qv42Run241	0excluded variants
VARIANTS	CG001Qv42Run242	0excluded variants
VARIANTS	CG001Qv42Run243	0excluded variants
VARIANTS	CG001Qv42Run245	0excluded variants
VARIANTS	CG001Qv42Run246	0excluded variants
VARIANTS	CG001Qv42Run247	0excluded variants
VARIANTS	CG001Qv42Run248	0excluded variants
